0 info it worked if it ends with ok
1 verbose cli [ '/usr/local/Cellar/nvm/0.25.4/versions/io.js/v2.4.0/bin/iojs',
1 verbose cli   '/usr/local/opt/nvm/versions/io.js/v2.4.0/bin/npm',
1 verbose cli   'start' ]
2 info using npm@2.13.0
3 info using node@v2.4.0
4 verbose run-script [ 'prestart', 'start', 'poststart' ]
5 info prestart animate-server@1.0.0
6 info start animate-server@1.0.0
7 verbose unsafe-perm in lifecycle true
8 info animate-server@1.0.0 Failed to exec start script
9 verbose stack Error: animate-server@1.0.0 start: `node server.js`
9 verbose stack Exit status 1
9 verbose stack     at EventEmitter.<anonymous> (/usr/local/Cellar/nvm/0.25.4/versions/io.js/v2.4.0/lib/node_modules/npm/lib/utils/lifecycle.js:213:16)
9 verbose stack     at emitTwo (events.js:87:13)
9 verbose stack     at EventEmitter.emit (events.js:172:7)
9 verbose stack     at ChildProcess.<anonymous> (/usr/local/Cellar/nvm/0.25.4/versions/io.js/v2.4.0/lib/node_modules/npm/lib/utils/spawn.js:24:14)
9 verbose stack     at emitTwo (events.js:87:13)
9 verbose stack     at ChildProcess.emit (events.js:172:7)
9 verbose stack     at maybeClose (internal/child_process.js:764:16)
9 verbose stack     at Process.ChildProcess._handle.onexit (internal/child_process.js:211:5)
10 verbose pkgid animate-server@1.0.0
11 verbose cwd /Users/gonzalo.ribera/Documents/proyectos/animate-server
12 error Darwin 13.4.0
13 error argv "/usr/local/Cellar/nvm/0.25.4/versions/io.js/v2.4.0/bin/iojs" "/usr/local/opt/nvm/versions/io.js/v2.4.0/bin/npm" "start"
14 error node v2.4.0
15 error npm  v2.13.0
16 error code ELIFECYCLE
17 error animate-server@1.0.0 start: `node server.js`
17 error Exit status 1
18 error Failed at the animate-server@1.0.0 start script 'node server.js'.
18 error This is most likely a problem with the animate-server package,
18 error not with npm itself.
18 error Tell the author that this fails on your system:
18 error     node server.js
18 error You can get their info via:
18 error     npm owner ls animate-server
18 error There is likely additional logging output above.
19 verbose exit [ 1, true ]
